proguard/seeds.txt
com.startapp.android.publish.gson.internal.Streams$AppendableWriter
com.startapp.android.publish.gson.internal.Streams$AppendableWriter: java.lang.Appendable appendable
com.startapp.android.publish.gson.internal.Streams$AppendableWriter: com.startapp.android.publish.gson.internal.Streams$AppendableWriter$CurrentWrite currentWrite
com.startapp.android.publish.gson.internal.Streams$AppendableWriter: Streams$AppendableWriter(java.lang.Appendable)
com.startapp.android.publish.gson.internal.Streams$AppendableWriter: void write(char[],int,int)
com.startapp.android.publish.gson.internal.Streams$AppendableWriter: void write(int)
com.startapp.android.publish.gson.internal.Streams$AppendableWriter: void flush()
com.startapp.android.publish.gson.internal.Streams$AppendableWriter: void close()
com.startapp.android.publish.gson.internal.Streams$AppendableWriter: Streams$AppendableWriter(java.lang.Appendable,com.startapp.android.publish.gson.internal.Streams$1)
com.startapp.android.publish.gson.internal.Streams$AppendableWriter$CurrentWrite
com.startapp.android.publish.gson.internal.Streams$AppendableWriter$CurrentWrite: char[] chars
com.startapp.android.publish.gson.internal.Streams$AppendableWriter$CurrentWrite: Streams$AppendableWriter$CurrentWrite()
com.startapp.android.publish.gson.internal.Streams$AppendableWriter$CurrentWrite: int length()
com.startapp.android.publish.gson.internal.Streams$AppendableWriter$CurrentWrite: char charAt(int)
com.startapp.android.publish.gson.internal.Streams$AppendableWriter$CurrentWrite: java.lang.CharSequence subSequence(int,int)
com.startapp.android.publish.gson.internal.UnsafeAllocator
com.startapp.android.publish.gson.internal.UnsafeAllocator: UnsafeAllocator()
com.startapp.android.publish.gson.internal.UnsafeAllocator: java.lang.Object newInstance(java.lang.Class)
com.startapp.android.publish.gson.internal.UnsafeAllocator: com.startapp.android.publish.gson.internal.UnsafeAllocator create()
com.startapp.android.publish.gson.internal.UnsafeAllocator$1
com.startapp.android.publish.gson.internal.UnsafeAllocator$1: java.lang.reflect.Method val$allocateInstance
com.startapp.android.publish.gson.internal.UnsafeAllocator$1: java.lang.Object val$unsafe
com.startapp.android.publish.gson.internal.UnsafeAllocator$1: UnsafeAllocator$1(java.lang.reflect.Method,java.lang.Object)
com.startapp.android.publish.gson.internal.UnsafeAllocator$1: java.lang.Object newInstance(java.lang.Class)
com.startapp.android.publish.gson.internal.UnsafeAllocator$2
com.startapp.android.publish.gson.internal.UnsafeAllocator$2: java.lang.reflect.Method val$newInstance
com.startapp.android.publish.gson.internal.UnsafeAllocator$2: UnsafeAllocator$2(java.lang.reflect.Method)
com.startapp.android.publish.gson.internal.UnsafeAllocator$2: java.lang.Object newInstance(java.lang.Class)
com.startapp.android.publish.gson.internal.UnsafeAllocator$3
com.startapp.android.publish.gson.internal.UnsafeAllocator$3: java.lang.reflect.Method val$newInstance
com.startapp.android.publish.gson.internal.UnsafeAllocator$3: int val$constructorId
com.startapp.android.publish.gson.internal.UnsafeAllocator$3: UnsafeAllocator$3(java.lang.reflect.Method,int)
com.startapp.android.publish.gson.internal.UnsafeAllocator$3: java.lang.Object newInstance(java.lang.Class)
com.startapp.android.publish.gson.internal.UnsafeAllocator$4
com.startapp.android.publish.gson.internal.UnsafeAllocator$4: UnsafeAllocator$4()
com.startapp.android.publish.gson.internal.UnsafeAllocator$4: java.lang.Object newInstance(java.lang.Class)