proguard/mapping.txt
com.google.android.gms.games.internal.player.MostRecentGameInfo -> com.google.android.gms.games.internal.player.MostRecentGameInfo:
    java.lang.String lp() -> b
    java.lang.String lq() -> c
    long lr() -> d
    android.net.Uri ls() -> e
    android.net.Uri lt() -> f
    android.net.Uri lu() -> g
com.google.android.gms.games.internal.player.MostRecentGameInfoEntity -> com.google.android.gms.games.internal.player.MostRecentGameInfoEntity:
    com.google.android.gms.games.internal.player.MostRecentGameInfoEntityCreator CREATOR -> a
    int BR -> b
    java.lang.String aaM -> c
    java.lang.String aaN -> d
    long aaO -> e
    android.net.Uri aaP -> f
    android.net.Uri aaQ -> g
    android.net.Uri aaR -> h
    int getVersionCode() -> h
    java.lang.String lp() -> b
    java.lang.String lq() -> c
    long lr() -> d
    android.net.Uri ls() -> e
    android.net.Uri lt() -> f
    android.net.Uri lu() -> g
    com.google.android.gms.games.internal.player.MostRecentGameInfo lv() -> i
    int hashCode() -> hashCode
    int a(com.google.android.gms.games.internal.player.MostRecentGameInfo) -> a
    boolean equals(java.lang.Object) -> equals
    boolean a(com.google.android.gms.games.internal.player.MostRecentGameInfo,java.lang.Object) -> a
    java.lang.String toString() -> toString
    java.lang.String b(com.google.android.gms.games.internal.player.MostRecentGameInfo) -> b
    int describeContents() -> describeContents
    void writeToParcel(android.os.Parcel,int) -> writeToParcel
    java.lang.Object freeze() -> a
com.google.android.gms.games.internal.player.MostRecentGameInfoEntityCreator -> com.google.android.gms.games.internal.player.a:
    com.google.android.gms.games.internal.player.MostRecentGameInfoEntity cj(android.os.Parcel) -> a
    com.google.android.gms.games.internal.player.MostRecentGameInfoEntity[] dP(int) -> a
    void a(com.google.android.gms.games.internal.player.MostRecentGameInfoEntity,android.os.Parcel,int) -> a
    java.lang.Object[] newArray(int) -> newArray
    java.lang.Object createFromParcel(android.os.Parcel) -> createFromParcel
com.google.android.gms.games.internal.player.MostRecentGameInfoRef -> com.google.android.gms.games.internal.player.MostRecentGameInfoRef:
    com.google.android.gms.games.internal.player.PlayerColumnNames VY -> c
    java.lang.String lp() -> b
    java.lang.String lq() -> c
    long lr() -> d
    android.net.Uri ls() -> e
    android.net.Uri lt() -> f
    android.net.Uri lu() -> g
    com.google.android.gms.games.internal.player.MostRecentGameInfo lv() -> h
    int hashCode() -> hashCode
    boolean equals(java.lang.Object) -> equals
    java.lang.String toString() -> toString
    int describeContents() -> describeContents
    void writeToParcel(android.os.Parcel,int) -> writeToParcel
    java.lang.Object freeze() -> a
com.google.android.gms.games.internal.player.PlayerColumnNames -> com.google.android.gms.games.internal.player.b:
    java.lang.String aaS -> a
    java.lang.String aaT -> b
    java.lang.String aaU -> c
    java.lang.String aaV -> d
    java.lang.String aaW -> e
    java.lang.String aaX -> f
    java.lang.String aaY -> g
    java.lang.String aaZ -> h
    java.lang.String aba -> i
    java.lang.String abb -> j
    java.lang.String abc -> k
    java.lang.String abd -> l
    java.lang.String abe -> m
    java.lang.String abf -> n
    java.lang.String abg -> o
    java.lang.String abh -> p
    java.lang.String abi -> q
    java.lang.String abj -> r
    java.lang.String abk -> s
    java.lang.String abl -> t
    java.lang.String abm -> u
    java.lang.String abn -> v
    java.lang.String abo -> w
    java.lang.String abp -> x
    java.lang.String abq -> y