proguard/usage.txt
com.google.android.gms.maps.model.internal.f
com.google.android.gms.maps.model.internal.f$a
com.google.android.gms.maps.model.internal.f$a$a
com.google.android.gms.maps.model.internal.g
com.google.android.gms.maps.model.internal.g$a
com.google.android.gms.maps.model.internal.g$a$a
com.google.android.gms.maps.model.internal.h
com.google.android.gms.maps.model.internal.h$a
com.google.android.gms.maps.model.internal.h$a$a
com.google.android.gms.maps.model.internal.i$a:
    public i$a()
com.google.android.gms.panorama.Panorama
com.google.android.gms.panorama.Panorama$1
com.google.android.gms.panorama.PanoramaApi
com.google.android.gms.panorama.PanoramaApi$PanoramaResult
com.google.android.gms.panorama.PanoramaApi$a
com.google.android.gms.plus.Account
com.google.android.gms.plus.Moments
com.google.android.gms.plus.Moments$LoadMomentsResult
com.google.android.gms.plus.People
com.google.android.gms.plus.People$LoadPeopleResult
com.google.android.gms.plus.People$OrderBy
com.google.android.gms.plus.Plus
com.google.android.gms.plus.Plus$1
com.google.android.gms.plus.Plus$PlusOptions
com.google.android.gms.plus.Plus$PlusOptions$Builder
com.google.android.gms.plus.Plus$a
com.google.android.gms.plus.PlusClient
com.google.android.gms.plus.PlusClient$1
com.google.android.gms.plus.PlusClient$2
com.google.android.gms.plus.PlusClient$3
com.google.android.gms.plus.PlusClient$4
com.google.android.gms.plus.PlusClient$5
com.google.android.gms.plus.PlusClient$6
com.google.android.gms.plus.PlusClient$7
com.google.android.gms.plus.PlusClient$Builder
com.google.android.gms.plus.PlusClient$OnAccessRevokedListener
com.google.android.gms.plus.PlusClient$OnMomentsLoadedListener
com.google.android.gms.plus.PlusClient$OnPeopleLoadedListener
com.google.android.gms.plus.PlusClient$OrderBy
com.google.android.gms.plus.PlusOneButton
com.google.android.gms.plus.PlusOneButton$DefaultOnPlusOneClickListener
com.google.android.gms.plus.PlusOneButton$OnPlusOneClickListener
com.google.android.gms.plus.PlusOneDummyView
com.google.android.gms.plus.PlusOneDummyView$1
com.google.android.gms.plus.PlusOneDummyView$a
com.google.android.gms.plus.PlusOneDummyView$b
com.google.android.gms.plus.PlusOneDummyView$c
com.google.android.gms.plus.PlusOneDummyView$d
com.google.android.gms.plus.PlusShare
com.google.android.gms.plus.PlusShare$Builder
com.google.android.gms.plus.a
com.google.android.gms.plus.b
com.google.android.gms.plus.internal.PlusCommonExtras:
    public void o(android.os.Bundle)
com.google.android.gms.plus.internal.a
com.google.android.gms.plus.internal.b
com.google.android.gms.plus.internal.b$a
com.google.android.gms.plus.internal.b$a$a
com.google.android.gms.plus.internal.c
com.google.android.gms.plus.internal.c$a
com.google.android.gms.plus.internal.c$a$a
com.google.android.gms.plus.internal.d
com.google.android.gms.plus.internal.d$a
com.google.android.gms.plus.internal.d$a$a
com.google.android.gms.plus.internal.e
com.google.android.gms.plus.internal.e$a
com.google.android.gms.plus.internal.e$b
com.google.android.gms.plus.internal.e$c
com.google.android.gms.plus.internal.e$d
com.google.android.gms.plus.internal.e$e
com.google.android.gms.plus.internal.e$f
com.google.android.gms.plus.internal.e$g
com.google.android.gms.plus.internal.e$h
com.google.android.gms.plus.internal.g
com.google.android.gms.plus.internal.h:
    public h(java.lang.String,java.lang.String[],java.lang.String[],java.lang.String[],java.lang.String,java.lang.String,java.lang.String,com.google.android.gms.plus.internal.PlusCommonExtras)
    public android.os.Bundle no()
com.google.android.gms.plus.internal.i